# JRE version: OpenJDK Runtime Environment Temurin-17.0.3+7 (17.0.3+7) (build 17.0.3+7)
# Java VM: OpenJDK 64-Bit Server VM Temurin-17.0.3+7 (17.0.3+7, mixed mode, emulated-client, tiered, compressed oops, compressed class ptrs, g1 gc, windows-amd64)
GC Precious Log:
 CPUs: 12 total, 12 available
 Memory: 8013M
 Large Page Support: Disabled
 NUMA Support: Disabled
 Compressed Oops: Enabled (32-bit)
 Heap Region Size: 1M
 Heap Min Capacity: 8M
 Heap Initial Capacity: 126M
 Heap Max Capacity: 2004M
 Pre-touch: Disabled
 Parallel Workers: 10
 Concurrent Workers: 3
 Concurrent Refinement Workers: 10
 Periodic GC: Disabled
Heap:
 garbage-first heap   total 101376K, used 76214K [0x0000000082c00000, 0x0000000100000000)
  region size 1024K, 49 young (50176K), 4 survivors (4096K)
 Metaspace       used 63048K, committed 63488K, reserved 1105920K
  class space    used 8033K, committed 8256K, reserved 1048576K
GC Heap History (20 events):
Event: 3.508 GC heap before
{Heap before GC invocations=15 (full 0):
 garbage-first heap   total 69632K, used 54408K [0x0000000082c00000, 0x0000000100000000)
  region size 1024K, 35 young (35840K), 3 survivors (3072K)
 Metaspace       used 40101K, committed 40512K, reserved 1089536K
  class space    used 5041K, committed 5248K, reserved 1048576K
}
Event: 3.511 GC heap after
{Heap after GC invocations=16 (full 0):
 garbage-first heap   total 69632K, used 22571K [0x0000000082c00000, 0x0000000100000000)
  region size 1024K, 2 young (2048K), 2 survivors (2048K)
 Metaspace       used 40101K, committed 40512K, reserved 1089536K
  class space    used 5041K, committed 5248K, reserved 1048576K
}
Event: 3.807 GC heap before
{Heap before GC invocations=16 (full 0):
 garbage-first heap   total 69632K, used 54315K [0x0000000082c00000, 0x0000000100000000)
  region size 1024K, 33 young (33792K), 2 survivors (2048K)
 Metaspace       used 45767K, committed 46144K, reserved 1089536K
  class space    used 5720K, committed 5888K, reserved 1048576K
}
Event: 3.809 GC heap after
{Heap after GC invocations=17 (full 0):
 garbage-first heap   total 69632K, used 23963K [0x0000000082c00000, 0x0000000100000000)
  region size 1024K, 3 young (3072K), 3 survivors (3072K)
 Metaspace       used 45767K, committed 46144K, reserved 1089536K
  class space    used 5720K, committed 5888K, reserved 1048576K
}
Event: 3.996 GC heap before
{Heap before GC invocations=17 (full 0):
 garbage-first heap   total 69632K, used 54683K [0x0000000082c00000, 0x0000000100000000)
  region size 1024K, 33 young (33792K), 3 survivors (3072K)
 Metaspace       used 47955K, committed 48320K, reserved 1097728K
  class space    used 5983K, committed 6144K, reserved 1048576K
}
Event: 3.999 GC heap after
{Heap after GC invocations=18 (full 0):
 garbage-first heap   total 69632K, used 24840K [0x0000000082c00000, 0x0000000100000000)
  region size 1024K, 3 young (3072K), 3 survivors (3072K)
 Metaspace       used 47955K, committed 48320K, reserved 1097728K
  class space    used 5983K, committed 6144K, reserved 1048576K
}
Event: 4.190 GC heap before
{Heap before GC invocations=18 (full 0):
 garbage-first heap   total 69632K, used 55560K [0x0000000082c00000, 0x0000000100000000)
  region size 1024K, 33 young (33792K), 3 survivors (3072K)
 Metaspace       used 50414K, committed 50816K, reserved 1097728K
  class space    used 6485K, committed 6656K, reserved 1048576K
}
Event: 4.192 GC heap after
{Heap after GC invocations=19 (full 0):
 garbage-first heap   total 69632K, used 25217K [0x0000000082c00000, 0x0000000100000000)
  region size 1024K, 3 young (3072K), 3 survivors (3072K)
 Metaspace       used 50414K, committed 50816K, reserved 1097728K
  class space    used 6485K, committed 6656K, reserved 1048576K
}
Event: 4.358 GC heap before
{Heap before GC invocations=19 (full 0):
 garbage-first heap   total 69632K, used 55937K [0x0000000082c00000, 0x0000000100000000)
  region size 1024K, 33 young (33792K), 3 survivors (3072K)
 Metaspace       used 53268K, committed 53632K, reserved 1097728K
  class space    used 6910K, committed 7104K, reserved 1048576K
}
Event: 4.361 GC heap after
{Heap after GC invocations=20 (full 0):
 garbage-first heap   total 83968K, used 25796K [0x0000000082c00000, 0x0000000100000000)
  region size 1024K, 3 young (3072K), 3 survivors (3072K)
 Metaspace       used 53268K, committed 53632K, reserved 1097728K
  class space    used 6910K, committed 7104K, reserved 1048576K
}
Event: 4.627 GC heap before
{Heap before GC invocations=20 (full 0):
 garbage-first heap   total 83968K, used 68804K [0x0000000082c00000, 0x0000000100000000)
  region size 1024K, 43 young (44032K), 3 survivors (3072K)
 Metaspace       used 56934K, committed 57344K, reserved 1105920K
  class space    used 7221K, committed 7424K, reserved 1048576K
}
Event: 4.630 GC heap after
{Heap after GC invocations=21 (full 0):
 garbage-first heap   total 83968K, used 27296K [0x0000000082c00000, 0x0000000100000000)
  region size 1024K, 4 young (4096K), 4 survivors (4096K)
 Metaspace       used 56934K, committed 57344K, reserved 1105920K
  class space    used 7221K, committed 7424K, reserved 1048576K
}
Event: 4.931 GC heap before
{Heap before GC invocations=21 (full 0):
 garbage-first heap   total 83968K, used 67232K [0x0000000082c00000, 0x0000000100000000)
  region size 1024K, 43 young (44032K), 4 survivors (4096K)
 Metaspace       used 59671K, committed 60096K, reserved 1105920K
  class space    used 7624K, committed 7808K, reserved 1048576K
}
Event: 4.934 GC heap after
{Heap after GC invocations=22 (full 0):
 garbage-first heap   total 83968K, used 29927K [0x0000000082c00000, 0x0000000100000000)
  region size 1024K, 6 young (6144K), 6 survivors (6144K)
 Metaspace       used 59671K, committed 60096K, reserved 1105920K
  class space    used 7624K, committed 7808K, reserved 1048576K
}
Event: 4.944 GC heap before
{Heap before GC invocations=22 (full 0):
 garbage-first heap   total 83968K, used 29927K [0x0000000082c00000, 0x0000000100000000)
  region size 1024K, 7 young (7168K), 6 survivors (6144K)
 Metaspace       used 59721K, committed 60096K, reserved 1105920K
  class space    used 7631K, committed 7808K, reserved 1048576K
}
Event: 4.947 GC heap after
{Heap after GC invocations=23 (full 0):
 garbage-first heap   total 83968K, used 30189K [0x0000000082c00000, 0x0000000100000000)
  region size 1024K, 3 young (3072K), 3 survivors (3072K)
 Metaspace       used 59721K, committed 60096K, reserved 1105920K
  class space    used 7631K, committed 7808K, reserved 1048576K
}
Event: 12.089 GC heap before
{Heap before GC invocations=24 (full 0):
 garbage-first heap   total 83968K, used 65005K [0x0000000082c00000, 0x0000000100000000)
  region size 1024K, 38 young (38912K), 3 survivors (3072K)
 Metaspace       used 62860K, committed 63360K, reserved 1105920K
  class space    used 8015K, committed 8256K, reserved 1048576K
}
Event: 12.093 GC heap after
{Heap after GC invocations=25 (full 0):
 garbage-first heap   total 101376K, used 31021K [0x0000000082c00000, 0x0000000100000000)
  region size 1024K, 4 young (4096K), 4 survivors (4096K)
 Metaspace       used 62860K, committed 63360K, reserved 1105920K
  class space    used 8015K, committed 8256K, reserved 1048576K
}
Event: 156.008 GC heap before
{Heap before GC invocations=25 (full 0):
 garbage-first heap   total 101376K, used 80173K [0x0000000082c00000, 0x0000000100000000)
  region size 1024K, 52 young (53248K), 4 survivors (4096K)
 Metaspace       used 63016K, committed 63488K, reserved 1105920K
  class space    used 8033K, committed 8256K, reserved 1048576K
}
Event: 156.010 GC heap after
{Heap after GC invocations=26 (full 0):
 garbage-first heap   total 101376K, used 31158K [0x0000000082c00000, 0x0000000100000000)
  region size 1024K, 4 young (4096K), 4 survivors (4096K)
 Metaspace       used 63016K, committed 63488K, reserved 1105920K
  class space    used 8033K, committed 8256K, reserved 1048576K
}

